This is pdfTeX, Version 3.141592653-2.6-1.40.25 (TeX Live 2023) (preloaded format=pdflatex 2024.2.14)  7 JUL 2026 11:06
entering extended mode
 restricted \write18 enabled.
 file:line:error style messages enabled.
 %&-line parsing enabled.
**"/home/karam/Downloads/GCR_2026_ghadeer_cpp (1)/pasguidecopy"
(/home/karam/Downloads/GCR_2026_ghadeer_cpp (1)/pasguidecopy.tex
LaTeX2e <2023-11-01> patch level 1
L3 programming layer <2024-01-22>
(./pas.cls
Document Class: pas 2021/04/29 v1.0 Standard LaTeX document class
\tempcount=\count187
\affcount=\count188
\afftempcount=\count189
\tempaffcount=\count190
\instcount=\count191
\insttempcount=\count192
\tempinstcount=\count193
\deptcount=\count194
\depttempcount=\count195
\tempdeptcount=\count196
\streetcount=\count197
\streettempcount=\count198
\tempstreetcount=\count199
\citycount=\count266
\citytempcount=\count267
\tempcitycount=\count268
\statecount=\count269
\statetempcount=\count270
\tempstatecount=\count271
\postcodecount=\count272
\postcodetempcount=\count273
\temppostcodecount=\count274
\countrycount=\count275
\countrytempcount=\count276
\tempcountrycount=\count277
\refvaluecount=\count278
\temprefvaluecount=\count279
\refvaluetempcount=\count280
\enunheadcount=\count281
\tempenunheadcount=\count282
\enuntempcount=\count283
\algheadcount=\count284
\tempalgheadcount=\count285
\algtempcount=\count286
\authorcount=\count287
\tempauthorcount=\count288
\authorcommacount=\count289
\authortempcount=\count290
\keywordcount=\count291
\keytempcount=\count292
\tempkeywordcount=\count293
\minute=\count294
\hour=\count295
\authorcount=\count296
\tempaffilcount=\count297
\authorcount=\count298
\tempauthorcount=\count299
\affiliationcount=\count300
\tempaffiliationcount=\count301
\tempcount=\count302
\affilcount=\count303
\affiltempcount=\count304
\tempaffilcount=\count305
\membercount=\count306
\membertempcount=\count307
\tempmembercount=\count308
\historycount=\count309
\historytempcount=\count310
\temphistorycount=\count311
\historycount=\count312
\historytempcount=\count313
\temphistorycount=\count314
\symtempcount=\count315
\tfootcount=\count316
\temptfootcount=\count317
\tbodycount=\count318
\tgroupcount=\count319
\bcount=\count320
\ncount=\count321
\ccount=\count322
\acomcount=\count323
\tempacomcount=\count324
\acomtempcount=\count325
\TotalCharCount=\count326
\auquerycount=\count327
\querycheckcount=\count328
\tempauquerycount=\count329
\seccount=\count330
\authcount=\count331
\SCOUNT=\count332
\HCOUNT=\count333
\fpcount=\count334
\viper@penalty=\count335
\AQpage=\count336
\AQlpage=\count337
\c@theorem=\count338
\c@afrfilnote=\count339
\c@part=\count340
\c@chapter=\count341
\c@HLtitle=\count342
\c@section=\count343
\c@subsection=\count344
\c@subsubsection=\count345
\c@paragraph=\count346
\c@subparagraph=\count347
\c@HLsection=\count348
\c@HLsubsection=\count349
\c@HLsubsubsection=\count350
\c@HLparagraph=\count351
\c@HLsubparagraph=\count352
\c@subsubparagraph=\count353
\c@subsubsubparagraph=\count354
\c@HLsubsubparagraph=\count355
\c@HLsubsubsubparagraph=\count356
\c@ncount=\count357
\c@figure=\count358
\c@table=\count359
\c@samp=\count360
\c@abscount=\count361
\c@startendpage=\count362
\trimwidthval=\dimen140
\trimwidthbleedval=\dimen141
\trimheightval=\dimen142
\trimheightbleedval=\dimen143
\draftrule=\dimen144
\trimrule=\dimen145
\tempdimen=\dimen146
\normaltextheight=\dimen147
\blindfoliodrop=\dimen148
\enumdim=\dimen149
\figheight=\dimen150
\figwidth=\dimen151
\tabledim=\dimen152
\mathindent=\dimen153
\emathindent=\dimen154
\bibindent=\dimen155
\metaleftskip=\dimen156
\metarightskip=\dimen157
\@partialpageht=\dimen158
\storedboxheight=\dimen159
\LabelSep=\dimen160
\leftmarginvii=\dimen161
\leftmarginviii=\dimen162
\leftmarginix=\dimen163
\leftmarginx=\dimen164
\enumdimwd=\dimen165
\itemleftmargin=\dimen166
\itemlabelsep=\dimen167
\descleftmargin=\dimen168
\desclabelsep=\dimen169
\figcadimen=\dimen170
\captionwidth=\dimen171
\figindent=\dimen172
\figwidthcapdimen=\dimen173
\exfigdimwd=\dimen174
\figdim=\dimen175
\tabledim=\dimen176
\sidetskip=\dimen177
\sideverticalskip=\dimen178
\tablecaptionheight=\dimen179
\sidetskip=\dimen180
\sideverticalskip=\dimen181
\tablewidth=\dimen182
\tablewidthshade=\dimen183
\fboxtablewidth=\dimen184
\tablewidth=\dimen185
\extratableheight=\dimen186
\tablebodywidth=\dimen187
\tableheight=\dimen188
\fboxgrtypewidth=\dimen189
\toprulewidth=\dimen190
\midrulewidth=\dimen191
\botrulewidth=\dimen192
\cmidrulewidth=\dimen193
\belowrulesep=\dimen194
\belowbottomsep=\dimen195
\aboverulesep=\dimen196
\abovetopsep=\dimen197
\cmidrulesep=\dimen198
\cmidrulekern=\dimen199
\defaultaddspace=\dimen256
\@thisrulewidth=\dimen257
\foot@parindent=\dimen258
\ptdraftrule=\dimen259
\ptdraftrule=\dimen260
\temptextheight=\dimen261
\bibindent=\dimen262
\bibleftmargin=\dimen263
\bibitemsep=\dimen264
\bibparsep=\dimen265
\bibtext=\dimen266
\biblabelsep=\dimen267
\bibleftmargini=\dimen268
\chapwidth=\dimen269
\secnwidth=\dimen270
\subsecnwidth=\dimen271
\subsubsecnwidth=\dimen272
\pldim=\dimen273
\authorcontentwidth=\dimen274
\@ctocsecmaxnumdim=\dimen275
\ctocsecnwidth=\dimen276
\@secmaxnumdim=\dimen277
\secnwidth=\dimen278
\@ctocsubsecmaxnumdim=\dimen279
\ctocsubsecnwidth=\dimen280
\@subsecmaxnumdim=\dimen281
\subsecnwidth=\dimen282
\@figuremaxnumdim=\dimen283
\figurecontwidth=\dimen284
\@tablemaxnumdim=\dimen285
\tablecontwidth=\dimen286
\tempdim=\dimen287
\presentfigwidth=\dimen288
\oldfigwidth=\dimen289
\remainingtextwidth=\dimen290
\letterwidth=\dimen291
\letterheight=\dimen292
\legalwidth=\dimen293
\legalheight=\dimen294
\tabloidwidth=\dimen295
\tabloidheight=\dimen296
\@tempdima=\dimen297
\@tempdimb=\dimen298
\@tempdimc=\dimen299
\@tempdimd=\dimen300
\@tempdime=\dimen301
\deflistmaxskip=\dimen302
\deflistskip=\dimen303
\myskip=\dimen304
\ht@viper=\dimen305
\hisbox=\box51
\tempbox=\box52
\abstractbox=\box53
\store@outputbox=\box54
\keywordbox=\box55
\subbox=\box56
\tabimagebox=\box57
\citybox=\box58
\statebox=\box59
\pscodebox=\box60
\countrybox=\box61
\addlinebox=\box62
\instbox=\box63
\instnamebox=\box64
\deptbox=\box65
\zipbox=\box66
\provincebox=\box67
\phonebox=\box68
\faxbox=\box69
\deflistbox=\box70
\boxBibH=\box71
\onlinefibox=\box72
\onlinefiibox=\box73
\v@aaa=\box74
\v@ccc=\box75
\authrun=\box76
\plainCOPbox=\box77
\colorCOPbox=\box78
\chap@tempbox=\box79
\tempabox=\box80
\figcapbox=\box81
\figtempbox=\box82
\tabcapbox=\box83
\tablefootbox=\box84
\temptbox=\box85
\tempttbox=\box86
\temptttbox=\box87
\tempttttbox=\box88
\tabletempboxsecond=\box89
\tabletempboxthird=\box90
\boxcont=\box91
\normalbaselineskip=\skip48
\tableleftskip=\skip49
\tablerightskip=\skip50
\tabnoteleftskip=\skip51
\tabnoterightskip=\skip52
\colmargin=\skip53
\texttypewidthsep=\skip54
\authorbelowskip=\skip55
\headlineindent=\skip56
\instindent=\skip57
\topsepi=\skip58
\topsepii=\skip59
\topsepiii=\skip60
\topsepiv=\skip61
\topsepv=\skip62
\topsepvi=\skip63
\topsepvii=\skip64
\topsepviii=\skip65
\topsepix=\skip66
\topsepx=\skip67
\itemsepi=\skip68
\itemsepii=\skip69
\itemsepiii=\skip70
\itemsepiv=\skip71
\itemsepv=\skip72
\itemsepvi=\skip73
\itemsepvii=\skip74
\itemsepviii=\skip75
\itemsepix=\skip76
\itemsepx=\skip77
\listtextleftmargin=\skip78
\listtextleftmarginii=\skip79
\listtextleftmarginiii=\skip80
\listtextleftmarginiv=\skip81
\listtextleftmarginv=\skip82
\listtextleftmarginvi=\skip83
\listtextleftmarginvii=\skip84
\listtextleftmarginviii=\skip85
\listtextleftmarginix=\skip86
\listtextleftmarginx=\skip87
\listtextrightmargin=\skip88
\listlabelleftskip=\skip89
\listlabelleftskipii=\skip90
\listlabelleftskipiii=\skip91
\listlabelleftskipiv=\skip92
\listlabelleftskipv=\skip93
\listlabelleftskipvi=\skip94
\listlabelleftskipvii=\skip95
\listlabelleftskipviii=\skip96
\listlabelleftskipix=\skip97
\listlabelleftskipx=\skip98
\abovelistskipi=\skip99
\belowlistskipi=\skip100
\abovelistskipii=\skip101
\belowlistskipii=\skip102
\abovelistskipiii=\skip103
\belowlistskipiii=\skip104
\abovelistskipiv=\skip105
\belowlistskipiv=\skip106
\abovelistskipv=\skip107
\belowlistskipv=\skip108
\abovelistskipvi=\skip109
\belowlistskipvi=\skip110
\abovelistskipvii=\skip111
\belowlistskipvii=\skip112
\abovelistskipviii=\skip113
\belowlistskipviii=\skip114
\abovelistskipix=\skip115
\belowlistskipix=\skip116
\abovelistskipx=\skip117
\belowlistskipx=\skip118
\labelsepi=\skip119
\labelsepii=\skip120
\labelsepiii=\skip121
\labelsepiv=\skip122
\labelsepv=\skip123
\labelsepvi=\skip124
\labelsepvii=\skip125
\labelsepviii=\skip126
\labelsepix=\skip127
\labelsepx=\skip128
\unnumlistitemindent=\skip129
\unnumlisttextskip=\skip130
\figcaptionleftskip=\skip131
\figcaptionrightskip=\skip132
\figleftskip=\skip133
\figrightskip=\skip134
\adjustskip=\skip135
\sidetskip=\skip136
\sideverticalskip=\skip137
\fignumcapsep=\skip138
\figcapdescsep=\skip139
\tableleftskip=\skip140
\tablerightskip=\skip141
\tablecapleftskip=\skip142
\tablecaprightskip=\skip143
\sideverticalskip=\skip144
\sidetskip=\skip145
\addtotablewidth=\skip146
\tablenumcapsep=\skip147
\tablefootleftskip=\skip148
\tablefootrightskip=\skip149
\manshowtfootskip=\skip150
\footnoteabovespace=\skip151
\fixfmbmcontentwidth=\skip152
\fixauthorcontentwidth=\skip153
\fixchapcontentwidth=\skip154
\enspacechapcontentwidth=\skip155
\ctocfixsectioncontentwidth=\skip156
\ctocenspacesectioncontentwidth=\skip157
\ctocfixsubsectioncontentwidth=\skip158
\ctocenspacesubsectioncontentwidth=\skip159
\enspacefigurecontentwidth=\skip160
\fixfigurecontentwidth=\skip161
\fixtablecontentwidth=\skip162
\enspacetablecontentwidth=\skip163
\@mathmargin=\skip164
\verbatimindent=\skip165
\CRskip=\skip166
\subtitleval=\skip167
\abovecaptionskip=\skip168
\belowcaptionskip=\skip169
\belowtabcaptionskip=\skip170
\trimwidth=\skip171
\trimheight=\skip172
\typewidth=\skip173
\typeheight=\skip174
\authorrunning=\toks17
\titrun=\box92
\titlerunning=\toks18
\tocauthor=\toks19
\toctitle=\toks20
\CharCounttoks=\toks21
(/usr/local/texlive/2023/texmf-dist/tex/latex/etex-pkg/etex.sty
Package: etex 2016/08/01 v2.7 eTeX basic definition package (PEB,DPC)


Package etex Warning: Extended allocation already in use.
(etex)                etex.sty code will not be used.
(etex)                To force etex package to load, add
(etex)                \RequirePackage{etex}
(etex)                at the start of the document.

) (/usr/local/texlive/2023/texmf-dist/tex/latex/amscls/amsthm.sty
Package: amsthm 2020/05/29 v2.20.6
\thm@style=\toks22
\thm@bodyfont=\toks23
\thm@headfont=\toks24
\thm@notefont=\toks25
\thm@headpunct=\toks26
\thm@preskip=\skip175
\thm@postskip=\skip176
\thm@headsep=\skip177
\dth@everypar=\toks27
) (/usr/local/texlive/2023/texmf-dist/tex/generic/soul/soul.sty
Package: soul 2023-06-14 v3.1 Permit use of UTF-8 characters in soul (HO)
 (/usr/local/texlive/2023/texmf-dist/tex/generic/soul/soul-ori.sty
Package: soul-ori 2023-06-14 v3.1 letterspacing/underlining (mf)
\SOUL@word=\toks28
\SOUL@lasttoken=\toks29
\SOUL@syllable=\toks30
\SOUL@cmds=\toks31
\SOUL@buffer=\toks32
\SOUL@token=\toks33
\SOUL@syllgoal=\dimen306
\SOUL@syllwidth=\dimen307
\SOUL@charkern=\dimen308
\SOUL@hyphkern=\dimen309
\SOUL@dimen=\dimen310
\SOUL@dimeni=\dimen311
\SOUL@minus=\count363
\SOUL@comma=\count364
\SOUL@apo=\count365
\SOUL@grave=\count366
\SOUL@spaceskip=\skip178
\SOUL@ttwidth=\dimen312
\SOUL@uldp=\dimen313
\SOUL@ulht=\dimen314
) (/usr/local/texlive/2023/texmf-dist/tex/generic/infwarerr/infwarerr.sty
Package: infwarerr 2019/12/03 v1.5 Providing info/warning/error messages (HO)
) (/usr/local/texlive/2023/texmf-dist/tex/generic/etexcmds/etexcmds.sty
Package: etexcmds 2019/12/15 v1.7 Avoid name clashes with e-TeX commands (HO)
 (/usr/local/texlive/2023/texmf-dist/tex/generic/iftex/iftex.sty
Package: iftex 2022/02/03 v1.0f TeX engine tests
))) (/usr/local/texlive/2023/texmf-dist/tex/generic/iftex/ifpdf.sty
Package: ifpdf 2019/10/25 v3.4 ifpdf legacy package. Use iftex instead.
) (/usr/local/texlive/2023/texmf-dist/tex/latex/epstopdf-pkg/epstopdf.sty
Package: epstopdf 2020-01-24 v2.11 Conversion with epstopdf on the fly (HO)
 (/usr/local/texlive/2023/texmf-dist/tex/latex/grfext/grfext.sty
Package: grfext 2019/12/03 v1.3 Manage graphics extensions (HO)
 (/usr/local/texlive/2023/texmf-dist/tex/generic/kvdefinekeys/kvdefinekeys.sty
Package: kvdefinekeys 2019-12-19 v1.6 Define keys (HO)
)) (/usr/local/texlive/2023/texmf-dist/tex/latex/kvoptions/kvoptions.sty
Package: kvoptions 2022-06-15 v3.15 Key value format for package options (HO)
 (/usr/local/texlive/2023/texmf-dist/tex/latex/graphics/keyval.sty
Package: keyval 2022/05/29 v1.15 key=value parser (DPC)
\KV@toks@=\toks34
) (/usr/local/texlive/2023/texmf-dist/tex/generic/ltxcmds/ltxcmds.sty
Package: ltxcmds 2023-12-04 v1.26 LaTeX kernel commands for general use (HO)
) (/usr/local/texlive/2023/texmf-dist/tex/latex/kvsetkeys/kvsetkeys.sty
Package: kvsetkeys 2022-10-05 v1.19 Key value parser (HO)
)) (/usr/local/texlive/2023/texmf-dist/tex/generic/pdftexcmds/pdftexcmds.sty
Package: pdftexcmds 2020-06-27 v0.33 Utility functions of pdfTeX for LuaTeX (HO)
Package pdftexcmds Info: \pdf@primitive is available.
Package pdftexcmds Info: \pdf@ifprimitive is available.
Package pdftexcmds Info: \pdfdraftmode found.
) (/usr/local/texlive/2023/texmf-dist/tex/latex/epstopdf-pkg/epstopdf-base.sty
Package: epstopdf-base 2020-01-24 v2.11 Base part for package epstopdf


Package epstopdf Warning: No graphics package `graphic{s,x}' loaded.

)) (/usr/local/texlive/2023/texmf-dist/tex/latex/graphics/graphicx.sty
Package: graphicx 2021/09/16 v1.2d Enhanced LaTeX Graphics (DPC,SPQR)
 (/usr/local/texlive/2023/texmf-dist/tex/latex/graphics/graphics.sty
Package: graphics 2022/03/10 v1.4e Standard LaTeX Graphics (DPC,SPQR)
 (/usr/local/texlive/2023/texmf-dist/tex/latex/graphics/trig.sty
Package: trig 2021/08/11 v1.11 sin cos tan (DPC)
) (/usr/local/texlive/2023/texmf-dist/tex/latex/graphics-cfg/graphics.cfg
File: graphics.cfg 2016/06/04 v1.11 sample graphics configuration
)
Package graphics Info: Driver file: pdftex.def on input line 107.
 (/usr/local/texlive/2023/texmf-dist/tex/latex/graphics-def/pdftex.def
File: pdftex.def 2022/09/22 v1.2b Graphics/color driver for pdftex
))
\Gin@req@height=\dimen315
\Gin@req@width=\dimen316
) (/usr/local/texlive/2023/texmf-dist/tex/latex/tools/calc.sty
Package: calc 2023/07/08 v4.3 Infix arithmetic (KKT,FJ)
\calc@Acount=\count367
\calc@Bcount=\count368
\calc@Adimen=\dimen317
\calc@Bdimen=\dimen318
\calc@Askip=\skip179
\calc@Bskip=\skip180
LaTeX Info: Redefining \setlength on input line 80.
LaTeX Info: Redefining \addtolength on input line 81.
\calc@Ccount=\count369
\calc@Cskip=\skip181
) (/usr/local/texlive/2023/texmf-dist/tex/latex/graphics/color.sty
Package: color 2022/01/06 v1.3d Standard LaTeX Color (DPC)
 (/usr/local/texlive/2023/texmf-dist/tex/latex/graphics-cfg/color.cfg
File: color.cfg 2016/01/02 v1.6 sample color configuration
)
Package color Info: Driver file: pdftex.def on input line 149.
 (/usr/local/texlive/2023/texmf-dist/tex/latex/graphics/mathcolor.ltx)) (/usr/local/texlive/2023/texmf-dist/tex/latex/booktabs/booktabs.sty
Package: booktabs 2020/01/12 v1.61803398 Publication quality tables
\heavyrulewidth=\dimen319
\lightrulewidth=\dimen320
\cmidrulewidth=\dimen321
\belowrulesep=\dimen322
\belowbottomsep=\dimen323
\aboverulesep=\dimen324
\abovetopsep=\dimen325
\cmidrulesep=\dimen326
\cmidrulekern=\dimen327
\defaultaddspace=\dimen328
\@cmidla=\count370
\@cmidlb=\count371
\@aboverulesep=\dimen329
\@belowrulesep=\dimen330
\@thisruleclass=\count372
\@lastruleclass=\count373
\@thisrulewidth=\dimen331
) (/usr/local/texlive/2023/texmf-dist/tex/latex/psnfss/mathptmx.sty
Package: mathptmx 2020/03/25 PSNFSS-v9.3 Times w/ Math, improved (SPQR, WaS) 
LaTeX Font Info:    Redeclaring symbol font `operators' on input line 28.
LaTeX Font Info:    Overwriting symbol font `operators' in version `normal'
(Font)                  OT1/cmr/m/n --> OT1/ztmcm/m/n on input line 28.
LaTeX Font Info:    Overwriting symbol font `operators' in version `bold'
(Font)                  OT1/cmr/bx/n --> OT1/ztmcm/m/n on input line 28.
LaTeX Font Info:    Redeclaring symbol font `letters' on input line 29.
LaTeX Font Info:    Overwriting symbol font `letters' in version `normal'
(Font)                  OML/cmm/m/it --> OML/ztmcm/m/it on input line 29.
LaTeX Font Info:    Overwriting symbol font `letters' in version `bold'
(Font)                  OML/cmm/b/it --> OML/ztmcm/m/it on input line 29.
LaTeX Font Info:    Redeclaring symbol font `symbols' on input line 30.
LaTeX Font Info:    Overwriting symbol font `symbols' in version `normal'
(Font)                  OMS/cmsy/m/n --> OMS/ztmcm/m/n on input line 30.
LaTeX Font Info:    Overwriting symbol font `symbols' in version `bold'
(Font)                  OMS/cmsy/b/n --> OMS/ztmcm/m/n on input line 30.
LaTeX Font Info:    Redeclaring symbol font `largesymbols' on input line 31.
LaTeX Font Info:    Overwriting symbol font `largesymbols' in version `normal'
(Font)                  OMX/cmex/m/n --> OMX/ztmcm/m/n on input line 31.
LaTeX Font Info:    Overwriting symbol font `largesymbols' in version `bold'
(Font)                  OMX/cmex/m/n --> OMX/ztmcm/m/n on input line 31.
\symbold=\mathgroup4
\symitalic=\mathgroup5
LaTeX Font Info:    Redeclaring math alphabet \mathbf on input line 34.
LaTeX Font Info:    Overwriting math alphabet `\mathbf' in version `normal'
(Font)                  OT1/cmr/bx/n --> OT1/ptm/bx/n on input line 34.
LaTeX Font Info:    Overwriting math alphabet `\mathbf' in version `bold'
(Font)                  OT1/cmr/bx/n --> OT1/ptm/bx/n on input line 34.
LaTeX Font Info:    Redeclaring math alphabet \mathit on input line 35.
LaTeX Font Info:    Overwriting math alphabet `\mathit' in version `normal'
(Font)                  OT1/cmr/m/it --> OT1/ptm/m/it on input line 35.
LaTeX Font Info:    Overwriting math alphabet `\mathit' in version `bold'
(Font)                  OT1/cmr/bx/it --> OT1/ptm/m/it on input line 35.
LaTeX Info: Redefining \hbar on input line 50.
) (/usr/local/texlive/2023/texmf-dist/tex/latex/framed/framed.sty
Package: framed 2011/10/22 v 0.96: framed or shaded text with page breaks
\OuterFrameSep=\skip182
\fb@frw=\dimen332
\fb@frh=\dimen333
\FrameRule=\dimen334
\FrameSep=\dimen335
) (/usr/local/texlive/2023/texmf-dist/tex/latex/graphics/rotating.sty
Package: rotating 2016/08/11 v2.16d rotated objects in LaTeX
 (/usr/local/texlive/2023/texmf-dist/tex/latex/base/ifthen.sty
Package: ifthen 2022/04/13 v1.1d Standard LaTeX ifthen package (DPC)
)
\c@r@tfl@t=\count374
\rotFPtop=\skip183
\rotFPbot=\skip184
\rot@float@box=\box93
\rot@mess@toks=\toks35
)

LaTeX Font Warning: Font shape `OT1/cmr/m/n' in size <9.5> not available
(Font)              size <9> substituted on input line 978.

\c@enumv=\count375
\c@enumvi=\count376
\c@enumvii=\count377
\c@enumviii=\count378
\c@enumix=\count379
\c@enumx=\count380
\tabcapbox=\box94
\tabbox=\box95
\tabnotebox=\box96
\tablemove=\dimen336
\c@appen=\count381
\@maintab=\write3
(/usr/local/texlive/2023/texmf-dist/tex/latex/hyperref/hyperref.sty
Package: hyperref 2024-01-20 v7.01h Hypertext links for LaTeX
 (/usr/local/texlive/2023/texmf-dist/tex/generic/pdfescape/pdfescape.sty
Package: pdfescape 2019/12/09 v1.15 Implements pdfTeX's escape features (HO)
) (/usr/local/texlive/2023/texmf-dist/tex/latex/hycolor/hycolor.sty
Package: hycolor 2020-01-27 v1.10 Color options for hyperref/bookmark (HO)
) (/usr/local/texlive/2023/texmf-dist/tex/latex/auxhook/auxhook.sty
Package: auxhook 2019-12-17 v1.6 Hooks for auxiliary files (HO)
) (/usr/local/texlive/2023/texmf-dist/tex/latex/hyperref/nameref.sty
Package: nameref 2023-11-26 v2.56 Cross-referencing by name of section
 (/usr/local/texlive/2023/texmf-dist/tex/latex/refcount/refcount.sty
Package: refcount 2019/12/15 v3.6 Data extraction from label references (HO)
) (/usr/local/texlive/2023/texmf-dist/tex/generic/gettitlestring/gettitlestring.sty
Package: gettitlestring 2019/12/15 v1.6 Cleanup title references (HO)
)
\c@section@level=\count382
) (/usr/local/texlive/2023/texmf-dist/tex/latex/etoolbox/etoolbox.sty
Package: etoolbox 2020/10/05 v2.5k e-TeX tools for LaTeX (JAW)
\etb@tempcnta=\count383
)
\@linkdim=\dimen337
\Hy@linkcounter=\count384
\Hy@pagecounter=\count385
 (/usr/local/texlive/2023/texmf-dist/tex/latex/hyperref/pd1enc.def
File: pd1enc.def 2024-01-20 v7.01h Hyperref: PDFDocEncoding definition (HO)
Now handling font encoding PD1 ...
... no UTF-8 mapping file for font encoding PD1
) (/usr/local/texlive/2023/texmf-dist/tex/generic/intcalc/intcalc.sty
Package: intcalc 2019/12/15 v1.3 Expandable calculations with integers (HO)
)
\Hy@SavedSpaceFactor=\count386
 (/usr/local/texlive/2023/texmf-dist/tex/latex/hyperref/puenc.def
File: puenc.def 2024-01-20 v7.01h Hyperref: PDF Unicode definition (HO)
Now handling font encoding PU ...
... no UTF-8 mapping file for font encoding PU
)
Package hyperref Info: Hyper figures OFF on input line 4179.
Package hyperref Info: Link nesting OFF on input line 4184.
Package hyperref Info: Hyper index ON on input line 4187.
Package hyperref Info: Plain pages OFF on input line 4194.
Package hyperref Info: Backreferencing OFF on input line 4199.
Package hyperref Info: Implicit mode ON; LaTeX internals redefined.
Package hyperref Info: Bookmarks ON on input line 4446.
\c@Hy@tempcnt=\count387
 (/usr/local/texlive/2023/texmf-dist/tex/latex/url/url.sty
\Urlmuskip=\muskip16
Package: url 2013/09/16  ver 3.4  Verb mode for urls, etc.
)
LaTeX Info: Redefining \url on input line 4784.
\XeTeXLinkMargin=\dimen338
 (/usr/local/texlive/2023/texmf-dist/tex/generic/bitset/bitset.sty
Package: bitset 2019/12/09 v1.3 Handle bit-vector datatype (HO)
 (/usr/local/texlive/2023/texmf-dist/tex/generic/bigintcalc/bigintcalc.sty
Package: bigintcalc 2019/12/15 v1.5 Expandable calculations on big integers (HO)
))
\Fld@menulength=\count388
\Field@Width=\dimen339
\Fld@charsize=\dimen340
Package hyperref Info: Hyper figures OFF on input line 6063.
Package hyperref Info: Link nesting OFF on input line 6068.
Package hyperref Info: Hyper index ON on input line 6071.
Package hyperref Info: backreferencing OFF on input line 6078.
Package hyperref Info: Link coloring OFF on input line 6083.
Package hyperref Info: Link coloring with OCG OFF on input line 6088.
Package hyperref Info: PDF/A mode OFF on input line 6093.
 (/usr/local/texlive/2023/texmf-dist/tex/latex/base/atbegshi-ltx.sty
Package: atbegshi-ltx 2021/01/10 v1.0c Emulation of the original atbegshi
package with kernel methods
)
\Hy@abspage=\count389
\c@Item=\count390
\c@Hfootnote=\count391
)
Package hyperref Info: Driver (autodetected): hpdftex.
 (/usr/local/texlive/2023/texmf-dist/tex/latex/hyperref/hpdftex.def
File: hpdftex.def 2024-01-20 v7.01h Hyperref driver for pdfTeX
 (/usr/local/texlive/2023/texmf-dist/tex/latex/base/atveryend-ltx.sty
Package: atveryend-ltx 2020/08/19 v1.0a Emulation of the original atveryend package
with kernel methods
)
\Fld@listcount=\count392
\c@bookmark@seq@number=\count393
 (/usr/local/texlive/2023/texmf-dist/tex/latex/rerunfilecheck/rerunfilecheck.sty
Package: rerunfilecheck 2022-07-10 v1.10 Rerun checks for auxiliary files (HO)
 (/usr/local/texlive/2023/texmf-dist/tex/generic/uniquecounter/uniquecounter.sty
Package: uniquecounter 2019/12/15 v1.4 Provide unlimited unique counter (HO)
)
Package uniquecounter Info: New unique counter `rerunfilecheck' on input line 285.
)
\Hy@SectionHShift=\skip185
) (/usr/local/texlive/2023/texmf-dist/tex/latex/oberdiek/hypcap.sty
Package: hypcap 2016/05/16 v1.12 Adjusting the anchors of captions (HO)
 (/usr/local/texlive/2023/texmf-dist/tex/latex/letltxmacro/letltxmacro.sty
Package: letltxmacro 2019/12/03 v1.6 Let assignment for LaTeX macros (HO)
))
Package hyperref Info: Option `draft' set `false' on input line 3890.


Package hyperref Warning: Option `dvips' has already been used,
(hyperref)                setting the option has no effect on input line 3890.

Package hyperref Info: Option `colorlinks' set `true' on input line 3890.
Package hyperref Info: Option `bookmarksopen' set `true' on input line 3890.
Package hyperref Info: Option `breaklinks' set `true' on input line 3890.
(/usr/local/texlive/2023/texmf-dist/tex/latex/breakurl/breakurl.sty
Package: breakurl 2013/04/10 v1.40 Breakable hyperref URLs
 (/usr/local/texlive/2023/texmf-dist/tex/latex/xkeyval/xkeyval.sty
Package: xkeyval 2022/06/16 v2.9 package option processing (HA)
 (/usr/local/texlive/2023/texmf-dist/tex/generic/xkeyval/xkeyval.tex (/usr/local/texlive/2023/texmf-dist/tex/generic/xkeyval/xkvutils.tex
\XKV@toks=\toks36
\XKV@tempa@toks=\toks37
)
\XKV@depth=\count394
File: xkeyval.tex 2014/12/03 v2.7a key=value parser (HA)
))

Package breakurl Warning: You are using breakurl while processing via pdflatex.
(breakurl)                \burl will be just a synonym of \url.
(breakurl)                 on input line 48.

) (/usr/local/texlive/2023/texmf-dist/tex/latex/bookmark/bookmark.sty
Package: bookmark 2023-12-10 v1.31 PDF bookmarks (HO)
 (/usr/local/texlive/2023/texmf-dist/tex/latex/bookmark/bkm-pdftex.def
File: bkm-pdftex.def 2023-12-10 v1.31 bookmark driver for pdfTeX and luaTeX (HO)
\BKM@id=\count395
)) (/usr/local/texlive/2023/texmf-dist/tex/latex/amsmath/amsmath.sty
Package: amsmath 2023/05/13 v2.17o AMS math features
\@mathmargin=\skip186

For additional information on amsmath, use the `?' option.
(/usr/local/texlive/2023/texmf-dist/tex/latex/amsmath/amstext.sty
Package: amstext 2021/08/26 v2.01 AMS text
 (/usr/local/texlive/2023/texmf-dist/tex/latex/amsmath/amsgen.sty
File: amsgen.sty 1999/11/30 v2.0 generic functions
\@emptytoks=\toks38
\ex@=\dimen341
)
LaTeX Info: Redefining \text on input line 28.
) (/usr/local/texlive/2023/texmf-dist/tex/latex/amsmath/amsbsy.sty
Package: amsbsy 1999/11/29 v1.2d Bold Symbols
\pmbraise@=\dimen342
) (/usr/local/texlive/2023/texmf-dist/tex/latex/amsmath/amsopn.sty
Package: amsopn 2022/04/08 v2.04 operator names
)
\inf@bad=\count396
LaTeX Info: Redefining \frac on input line 234.
\uproot@=\count397
\leftroot@=\count398
LaTeX Info: Redefining \overline on input line 399.
LaTeX Info: Redefining \colon on input line 410.
\classnum@=\count399
\DOTSCASE@=\count400
LaTeX Info: Redefining \ldots on input line 496.
LaTeX Info: Redefining \dots on input line 499.
LaTeX Info: Redefining \cdots on input line 620.
\Mathstrutbox@=\box97
\strutbox@=\box98
LaTeX Info: Redefining \big on input line 722.
LaTeX Info: Redefining \Big on input line 723.
LaTeX Info: Redefining \bigg on input line 724.
LaTeX Info: Redefining \Bigg on input line 725.
\big@size=\dimen343
LaTeX Font Info:    Redeclaring font encoding OML on input line 743.
LaTeX Font Info:    Redeclaring font encoding OMS on input line 744.
\macc@depth=\count401
LaTeX Info: Redefining \bmod on input line 905.
LaTeX Info: Redefining \pmod on input line 910.
LaTeX Info: Redefining \smash on input line 940.
LaTeX Info: Redefining \relbar on input line 970.
LaTeX Info: Redefining \Relbar on input line 971.
\c@MaxMatrixCols=\count402
\dotsspace@=\muskip17
\c@parentequation=\count403
\dspbrk@lvl=\count404
\tag@help=\toks39
\row@=\count405
\column@=\count406
\maxfields@=\count407
\andhelp@=\toks40
\eqnshift@=\dimen344
\alignsep@=\dimen345
\tagshift@=\dimen346
\tagwidth@=\dimen347
\totwidth@=\dimen348
\lineht@=\dimen349
\@envbody=\toks41
\multlinegap=\skip187
\multlinetaggap=\skip188
\mathdisplay@stack=\toks42
LaTeX Info: Redefining \[ on input line 2953.
LaTeX Info: Redefining \] on input line 2954.
) (/usr/local/texlive/2023/texmf-dist/tex/latex/cleveref/cleveref.sty
Package: cleveref 2018/03/27 v0.21.4 Intelligent cross-referencing
Package cleveref Info: `hyperref' support loaded on input line 2370.
LaTeX Info: Redefining \cref on input line 2370.
LaTeX Info: Redefining \Cref on input line 2370.
LaTeX Info: Redefining \crefrange on input line 2370.
LaTeX Info: Redefining \Crefrange on input line 2370.
LaTeX Info: Redefining \cpageref on input line 2370.
LaTeX Info: Redefining \Cpageref on input line 2370.
LaTeX Info: Redefining \cpagerefrange on input line 2370.
LaTeX Info: Redefining \Cpagerefrange on input line 2370.
LaTeX Info: Redefining \labelcref on input line 2370.
LaTeX Info: Redefining \labelcpageref on input line 2370.
Package cleveref Info: `amsthm' support loaded on input line 3026.
Package cleveref Info: always capitalise cross-reference names on input line 7830.
Package cleveref Info: include cross-reference names in hyperlinks on input line 7836.
Package cleveref Info: include cross-reference names in hyperlinks on input line 7852.
Package cleveref Info: always capitalise cross-reference names on input line 7852.
)
\@querywrite=\write4
 (/usr/local/texlive/2023/texmf-dist/tex/latex/natbib/natbib.sty
Package: natbib 2010/09/13 8.31b (PWD, AO)
\bibhang=\skip189
\bibsep=\skip190
LaTeX Info: Redefining \cite on input line 694.
\c@NAT@ctr=\count408
)
\quotebox=\box99
) (/usr/local/texlive/2023/texmf-dist/tex/latex/multirow/multirow.sty
Package: multirow 2021/03/15 v2.8 Span multiple rows of a table
\multirow@colwidth=\skip191
\multirow@cntb=\count409
\multirow@dima=\skip192
\bigstrutjot=\dimen350
) (/usr/local/texlive/2023/texmf-dist/tex/latex/amsfonts/amsfonts.sty
Package: amsfonts 2013/01/14 v3.01 Basic AMSFonts support
\symAMSa=\mathgroup6
\symAMSb=\mathgroup7
LaTeX Font Info:    Overwriting math alphabet `\mathfrak' in version `bold'
(Font)                  U/euf/m/n --> U/euf/b/n on input line 106.
) (/usr/local/texlive/2023/texmf-dist/tex/latex/tools/array.sty
Package: array 2023/10/16 v2.5g Tabular extension package (FMi)
\col@sep=\dimen351
\ar@mcellbox=\box100
\extrarowheight=\dimen352
\NC@list=\toks43
\extratabsurround=\skip193
\backup@length=\skip194
\ar@cellbox=\box101
) (/usr/local/texlive/2023/texmf-dist/tex/latex/algorithmicx/algorithmicx.sty
Package: algorithmicx 2005/04/27 v1.2 Algorithmicx

Document Style algorithmicx 1.2 - a greatly improved `algorithmic' style
\c@ALG@line=\count410
\c@ALG@rem=\count411
\c@ALG@nested=\count412
\ALG@tlm=\skip195
\ALG@thistlm=\skip196
\c@ALG@Lnr=\count413
\c@ALG@blocknr=\count414
\c@ALG@storecount=\count415
\c@ALG@tmpcounter=\count416
\ALG@tmplength=\skip197
) (/usr/local/texlive/2023/texmf-dist/tex/latex/subfig/subfig.sty
Package: subfig 2005/06/28 ver: 1.3 subfig package
 (/usr/local/texlive/2023/texmf-dist/tex/latex/caption/caption.sty
Package: caption 2023/08/05 v3.6o Customizing captions (AR)
 (/usr/local/texlive/2023/texmf-dist/tex/latex/caption/caption3.sty
Package: caption3 2023/07/31 v2.4d caption3 kernel (AR)
\caption@tempdima=\dimen353
\captionmargin=\dimen354
\caption@leftmargin=\dimen355
\caption@rightmargin=\dimen356
\caption@width=\dimen357
\caption@indent=\dimen358
\caption@parindent=\dimen359
\caption@hangindent=\dimen360
Package caption Info: Unknown document class (or package),
(caption)             standard defaults will be used.
Package caption Info: \@makecaption = \long macro:#1#2->\ifx \FigName \@captype \@makefigurecaption {#1}{#2}\vskip 0pt \else \@maketablecaption {#1}{#2}\vskip \belowcaptionskip \fi  on input line 1175.
)

Package caption Warning: Unknown document class (or package),
(caption)                standard defaults will be used.
See the caption package documentation for explanation.

\c@caption@flags=\count417
\c@continuedfloat=\count418
Package caption Info: hyperref package is loaded.
Package caption Info: hypcap package is loaded.
Package caption Info: rotating package is loaded.
)
\c@KVtest=\count419
\sf@farskip=\skip198
\sf@captopadj=\dimen361
\sf@capskip=\skip199
\sf@nearskip=\skip256
\c@subfigure=\count420
\c@subfigure@save=\count421
\c@lofdepth=\count422
\c@subtable=\count423
\c@subtable@save=\count424
\c@lotdepth=\count425
\sf@top=\skip257
\sf@bottom=\skip258
) (/usr/local/texlive/2023/texmf-dist/tex/latex/jknapltx/mathrsfs.sty
Package: mathrsfs 1996/01/01 Math RSFS package v1.0 (jk)
\symrsfs=\mathgroup8
) (/usr/local/texlive/2023/texmf-dist/tex/latex/doublestroke/dsfont.sty
Package: dsfont 1995/08/01 v0.1 Double stroke roman fonts
) (/usr/local/texlive/2023/texmf-dist/tex/latex/sttools/cuted.sty
Package: cuted 2021/10/04 v2.0 Mixing onecolumn and twocolumn modes
\At@ViperColsBreak=\toks44
\preCutedStrip=\toks45
\postCutedStrip=\toks46
\cuted@@tempbox@a=\box102
\cuted@@tempbox@c=\box103
\cuted@@tempbox@var=\box104
\hold@viper=\box105
\@viper=\box106
\cuted@@varbox@a=\box107
\cuted@@varbox@c=\box108
\cuted@@tempdim@spread=\dimen362
\cuted@@tempdim@a=\dimen363
\cuted@@tempdim@b=\dimen364
\ht@hold@viper=\dimen365
\ht@viper=\dimen366
\var@@pagediscards@ht=\dimen367
\stripsep=\skip259
\viper@penalty=\count426
) (/usr/local/texlive/2023/texmf-dist/tex/latex/algorithms/algorithm.sty
Package: algorithm 2009/08/24 v0.1 Document Style `algorithm' - floating environment
 (/usr/local/texlive/2023/texmf-dist/tex/latex/float/float.sty
Package: float 2001/11/08 v1.3d Float enhancements (AL)
\c@float@type=\count427
\float@exts=\toks47
\float@box=\box109
\@float@everytoks=\toks48
\@floatcapt=\box110
)
\@float@every@algorithm=\toks49
\c@algorithm=\count428
) (/usr/local/texlive/2023/texmf-dist/tex/latex/algorithmicx/algpseudocode.sty
Package: algpseudocode 

Document Style - pseudocode environments for use with the `algorithmicx' style
) (/usr/local/texlive/2023/texmf-dist/tex/latex/makecell/makecell.sty
Package: makecell 2009/08/03 V0.1e Managing of Tab Column Heads and Cells
\rotheadsize=\dimen368
\c@nlinenum=\count429
\TeXr@lab=\toks50
)
LaTeX Font Info:    Trying to load font information for OT1+ptm on input line 28.
 (/usr/local/texlive/2023/texmf-dist/tex/latex/psnfss/ot1ptm.fd
File: ot1ptm.fd 2001/06/04 font definitions for OT1/ptm.
) (/usr/local/texlive/2023/texmf-dist/tex/latex/l3backend/l3backend-pdftex.def
File: l3backend-pdftex.def 2024-01-04 L3 backend support: PDF output (pdfTeX)
\l__color_backend_stack_int=\count430
\l__pdf_internal_box=\box111
)
No file pasguidecopy.aux.
\openout1 = `pasguidecopy.aux'.

LaTeX Font Info:    Checking defaults for OML/cmm/m/it on input line 28.
LaTeX Font Info:    ... okay on input line 28.
LaTeX Font Info:    Checking defaults for OMS/cmsy/m/n on input line 28.
LaTeX Font Info:    ... okay on input line 28.
LaTeX Font Info:    Checking defaults for OT1/cmr/m/n on input line 28.
LaTeX Font Info:    ... okay on input line 28.
LaTeX Font Info:    Checking defaults for T1/cmr/m/n on input line 28.
LaTeX Font Info:    ... okay on input line 28.
LaTeX Font Info:    Checking defaults for TS1/cmr/m/n on input line 28.
LaTeX Font Info:    ... okay on input line 28.
LaTeX Font Info:    Checking defaults for OMX/cmex/m/n on input line 28.
LaTeX Font Info:    ... okay on input line 28.
LaTeX Font Info:    Checking defaults for U/cmr/m/n on input line 28.
LaTeX Font Info:    ... okay on input line 28.
LaTeX Font Info:    Checking defaults for PD1/pdf/m/n on input line 28.
LaTeX Font Info:    ... okay on input line 28.
LaTeX Font Info:    Checking defaults for PU/pdf/m/n on input line 28.
LaTeX Font Info:    ... okay on input line 28.
(/usr/local/texlive/2023/texmf-dist/tex/context/base/mkii/supp-pdf.mkii
[Loading MPS to PDF converter (version 2006.09.02).]
\scratchcounter=\count431
\scratchdimen=\dimen369
\scratchbox=\box112
\nofMPsegments=\count432
\nofMParguments=\count433
\everyMPshowfont=\toks51
\MPscratchCnt=\count434
\MPscratchDim=\dimen370
\MPnumerator=\count435
\makeMPintoPDFobject=\count436
\everyMPtoPDFconversion=\toks52
)

Package hyperref Warning: Height of page (\paperheight) is invalid (0.0pt),
(hyperref)                using 11in.

Package hyperref Info: Link coloring ON on input line 28.
Package caption Info: Begin \AtBeginDocument code.
Package caption Info: subfig package v1.3 is loaded.
Package caption Info: float package is loaded.
Package caption Info: End \AtBeginDocument code.
LaTeX Font Info:    Trying to load font information for OT1+phv on input line 57.
(/usr/local/texlive/2023/texmf-dist/tex/latex/psnfss/ot1phv.fd
File: ot1phv.fd 2020/03/25 scalable font definitions for OT1/phv.
)
LaTeX Font Info:    Calculating math sizes for size <10.5> on input line 63.
LaTeX Font Info:    Trying to load font information for OT1+ztmcm on input line 63.
 (/usr/local/texlive/2023/texmf-dist/tex/latex/psnfss/ot1ztmcm.fd
File: ot1ztmcm.fd 2000/01/03 Fontinst v1.801 font definitions for OT1/ztmcm.
)
LaTeX Font Info:    Trying to load font information for OML+ztmcm on input line 63.
 (/usr/local/texlive/2023/texmf-dist/tex/latex/psnfss/omlztmcm.fd
File: omlztmcm.fd 2000/01/03 Fontinst v1.801 font definitions for OML/ztmcm.
)
LaTeX Font Info:    Trying to load font information for OMS+ztmcm on input line 63.
 (/usr/local/texlive/2023/texmf-dist/tex/latex/psnfss/omsztmcm.fd
File: omsztmcm.fd 2000/01/03 Fontinst v1.801 font definitions for OMS/ztmcm.
)
LaTeX Font Info:    Trying to load font information for OMX+ztmcm on input line 63.
 (/usr/local/texlive/2023/texmf-dist/tex/latex/psnfss/omxztmcm.fd
File: omxztmcm.fd 2000/01/03 Fontinst v1.801 font definitions for OMX/ztmcm.
)
LaTeX Font Info:    Font shape `OT1/ptm/bx/n' in size <10.5> not available
(Font)              Font shape `OT1/ptm/b/n' tried instead on input line 63.
LaTeX Font Info:    Font shape `OT1/ptm/bx/n' in size <7.77005> not available
(Font)              Font shape `OT1/ptm/b/n' tried instead on input line 63.
LaTeX Font Info:    Font shape `OT1/ptm/bx/n' in size <6.30006> not available
(Font)              Font shape `OT1/ptm/b/n' tried instead on input line 63.
LaTeX Font Info:    Trying to load font information for U+rsfs on input line 63.
 (/usr/local/texlive/2023/texmf-dist/tex/latex/jknapltx/ursfs.fd
File: ursfs.fd 1998/03/24 rsfs font definition file (jk)
)

LaTeX Font Warning: Font shape `U/rsfs/m/n' in size <10.5> not available
(Font)              size <10.95> substituted on input line 63.

LaTeX Font Info:    Calculating math sizes for size <7.5> on input line 63.
LaTeX Font Info:    Font shape `OT1/ptm/bx/n' in size <7.5> not available
(Font)              Font shape `OT1/ptm/b/n' tried instead on input line 63.
LaTeX Font Info:    Font shape `OT1/ptm/bx/n' in size <5.55003> not available
(Font)              Font shape `OT1/ptm/b/n' tried instead on input line 63.
LaTeX Font Info:    Font shape `OT1/ptm/bx/n' in size <4.50005> not available
(Font)              Font shape `OT1/ptm/b/n' tried instead on input line 63.

LaTeX Font Warning: Font shape `U/rsfs/m/n' in size <7.5> not available
(Font)              size <7> substituted on input line 63.


LaTeX Font Warning: Font shape `U/rsfs/m/n' in size <5.55003> not available
(Font)              size <6> substituted on input line 63.


LaTeX Font Warning: Font shape `U/rsfs/m/n' in size <4.50005> not available
(Font)              size <5> substituted on input line 63.

LaTeX Font Info:    Font shape `OT1/ptm/bx/n' in size <7> not available
(Font)              Font shape `OT1/ptm/b/n' tried instead on input line 63.
LaTeX Font Info:    Font shape `OT1/ptm/bx/n' in size <5> not available
(Font)              Font shape `OT1/ptm/b/n' tried instead on input line 63.

Package natbib Warning: Citation `Sanchez2018Survey' on page 1 undefined on input line 68.


Package natbib Warning: Citation `Yin2021Survey' on page 1 undefined on input line 68.


Package natbib Warning: Citation `Zhu2022ChallengesOutlook' on page 1 undefined on input line 68.


Package natbib Warning: Citation `Caporali2026Survey' on page 1 undefined on input line 68.


Package natbib Warning: Citation `AlmaghoutKlimchik2022VFP' on page 1 undefined on input line 70.


Package natbib Warning: Citation `AlmaghoutKlimchik2024CableShapeControl' on page 1 undefined on input line 70.


Package natbib Warning: Citation `AlmaghoutCherubiniKlimchik2024LargeDeformation' on page 1 undefined on input line 70.


Package natbib Warning: Citation `KuffnerLaValle2000RRTConnect' on page 1 undefined on input line 74.


Package natbib Warning: Citation `KaramanFrazzoli2011SamplingOptimal' on page 1 undefined on input line 74.


Package natbib Warning: Citation `MollKavraki2006DLOPlanning' on page 1 undefined on input line 74.


Package natbib Warning: Citation `BretlMcCarthy2014ElasticRod' on page 1 undefined on input line 74.


Package natbib Warning: Citation `RousselFernbachTaix2020ElasticRodContacts' on page 1 undefined on input line 74.


Overfull \vbox (42.0pt too high) has occurred while \output is active []


Overfull \vbox (42.0pt too high) has occurred while \output is active []


Overfull \vbox (796.65pt too high) has occurred while \output is active []


Overfull \vbox (22.0pt too high) has occurred while \output is active []


Overfull \vbox (756.70001pt too high) has occurred while \output is active []

LaTeX Font Info:    Font shape `OT1/phv/m/it' in size <7> not available
(Font)              Font shape `OT1/phv/m/sl' tried instead on input line 77.
<cup_logo.pdf, id=4, 76.285pt x 17.06375pt>
File: cup_logo.pdf Graphic file (type pdf)
<use cup_logo.pdf>
Package pdftex.def Info: cup_logo.pdf  used on input line 77.
(pdftex.def)             Requested size: 76.2848pt x 17.06369pt.

Overfull \hbox (250.34999pt too wide) has occurred while \output is active
[]
 []


Overfull \vbox (11.51591pt too high) has occurred while \output is active []

LaTeX Font Info:    Trying to load font information for TS1+ptm on input line 77.
 (/usr/local/texlive/2023/texmf-dist/tex/latex/psnfss/ts1ptm.fd
File: ts1ptm.fd 2001/06/04 font definitions for TS1/ptm.
) [1{/usr/local/texlive/2023/texmf-var/fonts/map/pdftex/updmap/pdftex.map}{/usr/local/texlive/2023/texmf-dist/fonts/enc/dvips/base/8r.enc}

 <./cup_logo.pdf>]

LaTeX Warning: Reference `sec:related' on page 2 undefined on input line 86.


LaTeX Warning: Reference `sec:formulation' on page 2 undefined on input line 86.


LaTeX Warning: Reference `sec:gcr_algorithm' on page 2 undefined on input line 86.


LaTeX Warning: Reference `sec:simulation_validation' on page 2 undefined on input line 86.


LaTeX Warning: Reference `sec:discussion' on page 2 undefined on input line 86.


LaTeX Warning: Reference `sec:conclusion' on page 2 undefined on input line 86.


Package natbib Warning: Citation `Sanchez2018Survey' on page 2 undefined on input line 387.


Package natbib Warning: Citation `Yin2021Survey' on page 2 undefined on input line 387.


Package natbib Warning: Citation `Zhu2022ChallengesOutlook' on page 2 undefined on input line 387.


Package natbib Warning: Citation `Caporali2026Survey' on page 2 undefined on input line 387.


Package natbib Warning: Citation `navarro2013model' on page 2 undefined on input line 403.


Package natbib Warning: Citation `JinTomizuka2019CableManipulation' on page 2 undefined on input line 403.


Package natbib Warning: Citation `Lagneau2020ModelFreeWireServoing' on page 2 undefined on input line 403.


Package natbib Warning: Citation `Lv2021CoordinatedFlexibleCables' on page 2 undefined on input line 403.


Package natbib Warning: Citation `AlmaghoutKlimchik2022PlanarShapeControl' on page 2 undefined on input line 406.


Package natbib Warning: Citation `AlmaghoutKlimchik2022VFP' on page 2 undefined on input line 410.


Package natbib Warning: Citation `AlmaghoutCherubiniKlimchik2024LargeDeformation' on page 2 undefined on input line 415.


Package natbib Warning: Citation `MollKavraki2006DLOPlanning' on page 2 undefined on input line 429.


Package natbib Warning: Citation `BretlMcCarthy2014ElasticRod' on page 2 undefined on input line 432.


Package natbib Warning: Citation `RousselFernbachTaix2020ElasticRodContacts' on page 2 undefined on input line 433.


Package natbib Warning: Citation `sintov2020motion' on page 2 undefined on input line 435.


Package natbib Warning: Citation `yu2023coarse' on page 2 undefined on input line 444.


Package natbib Warning: Citation `yu2025generalizable' on page 2 undefined on input line 444.


Overfull \vbox (42.0pt too high) has occurred while \output is active []


Overfull \vbox (42.0pt too high) has occurred while \output is active []


Overfull \vbox (796.65pt too high) has occurred while \output is active []


Overfull \vbox (22.0pt too high) has occurred while \output is active []


Overfull \vbox (756.70001pt too high) has occurred while \output is active []

 [2]

Package natbib Warning: Citation `AksoyWen2025DLOPlanningControl' on page 3 undefined on input line 448.


Package natbib Warning: Citation `tang2026hierarchical' on page 3 undefined on input line 464.


Package natbib Warning: Citation `jin2022robotic' on page 3 undefined on input line 476.


Package natbib Warning: Citation `waltersson2022planning' on page 3 undefined on input line 476.


Package natbib Warning: Citation `keipour2022deformable' on page 3 undefined on input line 476.

LaTeX Font Info:    Font shape `OT1/phv/b/it' in size <9.5> not available
(Font)              Font shape `OT1/phv/b/sl' tried instead on input line 518.
LaTeX Font Info:    Calculating math sizes for size <9.5> on input line 522.
LaTeX Font Info:    Font shape `OT1/ptm/bx/n' in size <9.5> not available
(Font)              Font shape `OT1/ptm/b/n' tried instead on input line 522.
LaTeX Font Info:    Font shape `OT1/ptm/bx/n' in size <7.03004> not available
(Font)              Font shape `OT1/ptm/b/n' tried instead on input line 522.
LaTeX Font Info:    Font shape `OT1/ptm/bx/n' in size <5.70006> not available
(Font)              Font shape `OT1/ptm/b/n' tried instead on input line 522.

LaTeX Font Warning: Font shape `U/rsfs/m/n' in size <9.5> not available
(Font)              size <9> substituted on input line 522.


Overfull \vbox (42.0pt too high) has occurred while \output is active []


Overfull \vbox (42.0pt too high) has occurred while \output is active []


Overfull \vbox (796.65pt too high) has occurred while \output is active []


Overfull \vbox (22.0pt too high) has occurred while \output is active []


Overfull \vbox (756.70001pt too high) has occurred while \output is active []

LaTeX Font Info:    Font shape `OT1/phv/m/it' in size <9> not available
(Font)              Font shape `OT1/phv/m/sl' tried instead on input line 579.
 [3]

LaTeX Warning: Reference `fig:dlo_workspace_problem_formulation' on page 4 undefined on input line 605.

<figures/dlo_workspace_problem_formulation.png, id=49, 722.7pt x 433.62pt>
File: figures/dlo_workspace_problem_formulation.png Graphic file (type png)
<use figures/dlo_workspace_problem_formulation.png>
Package pdftex.def Info: figures/dlo_workspace_problem_formulation.png  used on input line 612.
(pdftex.def)             Requested size: 257.5pt x 154.50188pt.

Overfull \hbox (7.15001pt too wide) in paragraph at lines 612--613
 [][] 
 []


LaTeX Warning: Reference `eq:gcr_segment_vector_change' on page 4 undefined on input line 768.


Overfull \vbox (42.0pt too high) has occurred while \output is active []


Overfull \vbox (42.0pt too high) has occurred while \output is active []


Overfull \vbox (796.65pt too high) has occurred while \output is active []


Overfull \vbox (22.0pt too high) has occurred while \output is active []


Overfull \vbox (756.70001pt too high) has occurred while \output is active []

 [4 <./figures/dlo_workspace_problem_formulation.png>]

LaTeX Warning: Reference `eq:gcr_transition_deformation_energy' on page 5 undefined on input line 897.


LaTeX Warning: Reference `subsec:continuous_motion' on page 5 undefined on input line 995.


Overfull \vbox (42.0pt too high) has occurred while \output is active []


Overfull \vbox (42.0pt too high) has occurred while \output is active []


Overfull \vbox (796.65pt too high) has occurred while \output is active []


Overfull \vbox (22.0pt too high) has occurred while \output is active []


Overfull \vbox (756.70001pt too high) has occurred while \output is active []

 [5]
Overfull \vbox (42.0pt too high) has occurred while \output is active []


Overfull \vbox (42.0pt too high) has occurred while \output is active []


Overfull \vbox (796.65pt too high) has occurred while \output is active []


Overfull \vbox (22.0pt too high) has occurred while \output is active []


Overfull \vbox (756.70001pt too high) has occurred while \output is active []

 [6]

LaTeX Warning: Reference `eq:complete_path_cost_objective' on page 7 undefined on input line 1183.


LaTeX Warning: Reference `eq:guided_mixture_sampler' on page 7 undefined on input line 1335.


LaTeX Warning: Reference `fig:apf_bidirectional_sampling' on page 7 undefined on input line 1386.


LaTeX Warning: Reference `fig:apf_start_tree_field' on page 7 undefined on input line 1386.


LaTeX Warning: Reference `fig:apf_goal_tree_field' on page 7 undefined on input line 1386.


Overfull \vbox (42.0pt too high) has occurred while \output is active []


Overfull \vbox (42.0pt too high) has occurred while \output is active []


Overfull \vbox (796.65pt too high) has occurred while \output is active []


Overfull \vbox (22.0pt too high) has occurred while \output is active []


Overfull \vbox (756.70001pt too high) has occurred while \output is active []

 [7]
<figures/config_apf_potential_field_start_to_goal.pdf, id=136, 644.1557pt x 386.97626pt>
File: figures/config_apf_potential_field_start_to_goal.pdf Graphic file (type pdf)
<use figures/config_apf_potential_field_start_to_goal.pdf>
Package pdftex.def Info: figures/config_apf_potential_field_start_to_goal.pdf  used on input line 1461.
(pdftex.def)             Requested size: 187.76248pt x 112.7989pt.
<figures/config_apf_potential_field_goal_to_start.pdf, id=137, 644.1557pt x 386.97626pt>
File: figures/config_apf_potential_field_goal_to_start.pdf Graphic file (type pdf)
<use figures/config_apf_potential_field_goal_to_start.pdf>
Package pdftex.def Info: figures/config_apf_potential_field_goal_to_start.pdf  used on input line 1465.
(pdftex.def)             Requested size: 187.76248pt x 112.7989pt.


LaTeX Warning: `h' float specifier changed to `ht'.


LaTeX Warning: Reference `fig:apf_pipeline' on page 8 undefined on input line 1506.


LaTeX Warning: Reference `fig:apf_pipeline_raw' on page 8 undefined on input line 1506.


LaTeX Warning: Reference `fig:apf_pipeline_forces' on page 8 undefined on input line 1506.


LaTeX Warning: Reference `fig:apf_pipeline_descent' on page 8 undefined on input line 1506.

<figures/config_apf_pipeline_step_raw_sample.pdf, id=138, 572.13701pt x 370.61958pt>
File: figures/config_apf_pipeline_step_raw_sample.pdf Graphic file (type pdf)
<use figures/config_apf_pipeline_step_raw_sample.pdf>
Package pdftex.def Info: figures/config_apf_pipeline_step_raw_sample.pdf  used on input line 1516.
(pdftex.def)             Requested size: 200.28075pt x 129.73575pt.
<figures/config_apf_pipeline_step_force_vectors.pdf, id=139, 572.13701pt x 370.61958pt>
File: figures/config_apf_pipeline_step_force_vectors.pdf Graphic file (type pdf)
<use figures/config_apf_pipeline_step_force_vectors.pdf>
Package pdftex.def Info: figures/config_apf_pipeline_step_force_vectors.pdf  used on input line 1520.
(pdftex.def)             Requested size: 200.28075pt x 129.73575pt.
<figures/config_apf_pipeline_step_apf_descent.pdf, id=140, 572.13701pt x 370.61958pt>
File: figures/config_apf_pipeline_step_apf_descent.pdf Graphic file (type pdf)
<use figures/config_apf_pipeline_step_apf_descent.pdf>
Package pdftex.def Info: figures/config_apf_pipeline_step_apf_descent.pdf  used on input line 1524.
(pdftex.def)             Requested size: 200.28075pt x 129.73575pt.

LaTeX Warning: `h' float specifier changed to `ht'.


LaTeX Warning: Reference `eq:gcr_transition_deformation_energy' on page 8 undefined on input line 1775.


Overfull \vbox (42.0pt too high) has occurred while \output is active []


Overfull \vbox (42.0pt too high) has occurred while \output is active []


Overfull \vbox (796.65pt too high) has occurred while \output is active []


Overfull \vbox (22.0pt too high) has occurred while \output is active []


Overfull \vbox (756.70001pt too high) has occurred while \output is active []

 [8 <./figures/config_apf_potential_field_start_to_goal.pdf> <./figures/config_apf_potential_field_goal_to_start.pdf>]

LaTeX Warning: Reference `fig:relaxation' on page 9 undefined on input line 1916.

<figures/config_apf_pipeline_step_relaxation.pdf, id=288, 572.13701pt x 370.61958pt>
File: figures/config_apf_pipeline_step_relaxation.pdf Graphic file (type pdf)
<use figures/config_apf_pipeline_step_relaxation.pdf>
Package pdftex.def Info: figures/config_apf_pipeline_step_relaxation.pdf  used on input line 1923.
(pdftex.def)             Requested size: 200.28075pt x 129.73575pt.

LaTeX Warning: `h' float specifier changed to `ht'.


LaTeX Warning: Reference `eq:relaxed_static_validation' on page 9 undefined on input line 2067.


Overfull \vbox (42.0pt too high) has occurred while \output is active []


Overfull \vbox (42.0pt too high) has occurred while \output is active []


Overfull \vbox (796.65pt too high) has occurred while \output is active []


Overfull \vbox (22.0pt too high) has occurred while \output is active []


Overfull \vbox (756.70001pt too high) has occurred while \output is active []

 [9 <./figures/config_apf_pipeline_step_raw_sample.pdf> <./figures/config_apf_pipeline_step_force_vectors.pdf> <./figures/config_apf_pipeline_step_apf_descent.pdf>]

LaTeX Warning: Reference `subsec:ordered_transition_feasibility' on page 10 undefined on input line 2077.


Overfull \hbox (6.34236pt too wide) detected at line 2141
[][][]\OMS/ztmcm/m/n/9.5 V[] \OT1/ztmcm/m/n/9.5 = [] \OML/ztmcm/m/it/9.5 :
 []


LaTeX Warning: Reference `subsec:ordered_transition_feasibility' on page 10 undefined on input line 2224.


LaTeX Warning: Reference `fig:polygon' on page 10 undefined on input line 2334.


LaTeX Warning: Reference `fig:polygon_free' on page 10 undefined on input line 2334.


LaTeX Warning: Reference `fig:polygon_blocked' on page 10 undefined on input line 2338.


Overfull \vbox (42.0pt too high) has occurred while \output is active []


Overfull \vbox (42.0pt too high) has occurred while \output is active []


Overfull \vbox (796.65pt too high) has occurred while \output is active []


Overfull \vbox (22.0pt too high) has occurred while \output is active []


Overfull \vbox (756.70001pt too high) has occurred while \output is active []

 [10 <./figures/config_apf_pipeline_step_relaxation.pdf>]
<figures/connection_polygon_case_free.pdf, id=529, 601.045pt x 388.72084pt>
File: figures/connection_polygon_case_free.pdf Graphic file (type pdf)
<use figures/connection_polygon_case_free.pdf>
Package pdftex.def Info: figures/connection_polygon_case_free.pdf  used on input line 2349.
(pdftex.def)             Requested size: 187.76248pt x 121.43344pt.
<figures/connection_polygon_case_blocked.pdf, id=530, 601.045pt x 388.72084pt>
File: figures/connection_polygon_case_blocked.pdf Graphic file (type pdf)
<use figures/connection_polygon_case_blocked.pdf>
Package pdftex.def Info: figures/connection_polygon_case_blocked.pdf  used on input line 2355.
(pdftex.def)             Requested size: 187.76248pt x 121.43344pt.

Overfull \vbox (42.0pt too high) has occurred while \output is active []


Overfull \vbox (42.0pt too high) has occurred while \output is active []


Overfull \vbox (796.65pt too high) has occurred while \output is active []


Overfull \vbox (22.0pt too high) has occurred while \output is active []


Overfull \vbox (756.70001pt too high) has occurred while \output is active []

 [11 <./figures/connection_polygon_case_free.pdf> <./figures/connection_polygon_case_blocked.pdf>]
Overfull \hbox (16.21033pt too wide) detected at line 2699
[][][]\OML/ztmcm/m/it/9.5 d\OT1/ztmcm/m/n/9.5 (\OML/ztmcm/m/it/9.5 C[]; C[]\OT1/ztmcm/m/n/9.5 ) + \OML/ztmcm/m/it/9.5 []E[]\OT1/ztmcm/m/n/9.5 (\OML/ztmcm/m/it/9.5 C[]; C[]\OT1/ztmcm/m/n/9.5 ) \OMS/ztmcm/m/n/9.5 ^^T [] [] \OML/ztmcm/m/it/9.5 ;
 []


LaTeX Warning: Reference `eq:gcr_shortcut_pathfree_condition' on page 12 undefined on input line 2716.


LaTeX Warning: Reference `alg:gcr_main' on page 12 undefined on input line 2725.


LaTeX Warning: Reference `alg:gcr_expand' on page 12 undefined on input line 2725.


LaTeX Warning: Reference `alg:gcr_refine' on page 12 undefined on input line 2725.

Package hyperref Info: bookmark level for unknown algorithm defaults to 0 on input line 2752.
LaTeX Font Info:    Calculating math sizes for size <8.5> on input line 2755.
LaTeX Font Info:    Font shape `OT1/ptm/bx/n' in size <8.5> not available
(Font)              Font shape `OT1/ptm/b/n' tried instead on input line 2755.
LaTeX Font Info:    Font shape `OT1/ptm/bx/n' in size <6.29004> not available
(Font)              Font shape `OT1/ptm/b/n' tried instead on input line 2755.
LaTeX Font Info:    Font shape `OT1/ptm/bx/n' in size <5.10005> not available
(Font)              Font shape `OT1/ptm/b/n' tried instead on input line 2755.

LaTeX Font Warning: Font shape `U/rsfs/m/n' in size <8.5> not available
(Font)              size <8> substituted on input line 2755.


Overfull \hbox (33.25955pt too wide) in paragraph at lines 2894--2901
[]$\OT1/ztmcm/m/n/8.5 (\OML/ztmcm/m/it/8.5 C[]; ^^[[]\OT1/ztmcm/m/n/8.5 ) \OMS/ztmcm/m/n/8.5   []  []$ 
 []


LaTeX Warning: Reference `sec:gcr_algorithm' on page 12 undefined on input line 3568.


Overfull \vbox (42.0pt too high) has occurred while \output is active []


Overfull \vbox (42.0pt too high) has occurred while \output is active []


Overfull \vbox (796.65pt too high) has occurred while \output is active []


Overfull \vbox (22.0pt too high) has occurred while \output is active []


Overfull \vbox (756.70001pt too high) has occurred while \output is active []

 [12]

LaTeX Warning: Reference `fig:benchmark_solutions' on page 13 undefined on input line 3579.

<figures/paper_results/scenario_05_scenario_05_arc_to_straight_fewest_config_no_legend.pdf, id=692, 619.85698pt x 402.09622pt>
File: figures/paper_results/scenario_05_scenario_05_arc_to_straight_fewest_config_no_legend.pdf Graphic file (type pdf)
<use figures/paper_results/scenario_05_scenario_05_arc_to_straight_fewest_config_no_legend.pdf>
Package pdftex.def Info: figures/paper_results/scenario_05_scenario_05_arc_to_straight_fewest_config_no_legend.pdf  used on input line 3587.
(pdftex.def)             Requested size: 154.50157pt x 100.22316pt.
<figures/paper_results/scenario_08_scenario_08_dlo_workspace_fewest_config_no_legend.pdf, id=693, 619.85698pt x 402.09622pt>
File: figures/paper_results/scenario_08_scenario_08_dlo_workspace_fewest_config_no_legend.pdf Graphic file (type pdf)
<use figures/paper_results/scenario_08_scenario_08_dlo_workspace_fewest_config_no_legend.pdf>
Package pdftex.def Info: figures/paper_results/scenario_08_scenario_08_dlo_workspace_fewest_config_no_legend.pdf  used on input line 3588.
(pdftex.def)             Requested size: 154.50157pt x 100.22316pt.
<figures/paper_results/scenario_11_scenario_2_narrow_gate_fewest_config_no_legend.pdf, id=694, 619.85698pt x 402.09622pt>
File: figures/paper_results/scenario_11_scenario_2_narrow_gate_fewest_config_no_legend.pdf Graphic file (type pdf)
<use figures/paper_results/scenario_11_scenario_2_narrow_gate_fewest_config_no_legend.pdf>
Package pdftex.def Info: figures/paper_results/scenario_11_scenario_2_narrow_gate_fewest_config_no_legend.pdf  used on input line 3589.
(pdftex.def)             Requested size: 154.50157pt x 100.22316pt.
<figures/paper_results/scenario_12_scenario_6_u_shaped_trap_fewest_config_no_legend.pdf, id=695, 619.85698pt x 402.09622pt>
File: figures/paper_results/scenario_12_scenario_6_u_shaped_trap_fewest_config_no_legend.pdf Graphic file (type pdf)
<use figures/paper_results/scenario_12_scenario_6_u_shaped_trap_fewest_config_no_legend.pdf>
Package pdftex.def Info: figures/paper_results/scenario_12_scenario_6_u_shaped_trap_fewest_config_no_legend.pdf  used on input line 3590.
(pdftex.def)             Requested size: 154.50157pt x 100.22316pt.
<figures/paper_results/scenario_09_scenario_09_S_corridor_fewest_config_no_legend.pdf, id=696, 619.85698pt x 402.09622pt>
File: figures/paper_results/scenario_09_scenario_09_S_corridor_fewest_config_no_legend.pdf Graphic file (type pdf)
<use figures/paper_results/scenario_09_scenario_09_S_corridor_fewest_config_no_legend.pdf>
Package pdftex.def Info: figures/paper_results/scenario_09_scenario_09_S_corridor_fewest_config_no_legend.pdf  used on input line 3591.
(pdftex.def)             Requested size: 154.50157pt x 100.22316pt.
<figures/paper_results/scenario_10_scenario_10_cluttered_bent_fewest_config_no_legend.pdf, id=697, 619.85698pt x 402.09622pt>
File: figures/paper_results/scenario_10_scenario_10_cluttered_bent_fewest_config_no_legend.pdf Graphic file (type pdf)
<use figures/paper_results/scenario_10_scenario_10_cluttered_bent_fewest_config_no_legend.pdf>
Package pdftex.def Info: figures/paper_results/scenario_10_scenario_10_cluttered_bent_fewest_config_no_legend.pdf  used on input line 3592.
(pdftex.def)             Requested size: 154.50157pt x 100.22316pt.
<figures/paper_results/scenario_02_scenario_02_block_reorient_fewest_config_no_legend.pdf, id=698, 619.85698pt x 402.09622pt>
File: figures/paper_results/scenario_02_scenario_02_block_reorient_fewest_config_no_legend.pdf Graphic file (type pdf)
<use figures/paper_results/scenario_02_scenario_02_block_reorient_fewest_config_no_legend.pdf>
Package pdftex.def Info: figures/paper_results/scenario_02_scenario_02_block_reorient_fewest_config_no_legend.pdf  used on input line 3594.
(pdftex.def)             Requested size: 154.50157pt x 100.22316pt.
<figures/paper_results/scenario_03_scenario_03_L_narrow_corridor_fewest_config_no_legend.pdf, id=699, 619.85698pt x 402.09622pt>
File: figures/paper_results/scenario_03_scenario_03_L_narrow_corridor_fewest_config_no_legend.pdf Graphic file (type pdf)
<use figures/paper_results/scenario_03_scenario_03_L_narrow_corridor_fewest_config_no_legend.pdf>
Package pdftex.def Info: figures/paper_results/scenario_03_scenario_03_L_narrow_corridor_fewest_config_no_legend.pdf  used on input line 3595.
(pdftex.def)             Requested size: 154.50157pt x 100.22316pt.
<figures/paper_results/scenario_14_scenario_4_staggered_blocks_fewest_config_no_legend.pdf, id=700, 619.85698pt x 402.09622pt>
File: figures/paper_results/scenario_14_scenario_4_staggered_blocks_fewest_config_no_legend.pdf Graphic file (type pdf)
<use figures/paper_results/scenario_14_scenario_4_staggered_blocks_fewest_config_no_legend.pdf>
Package pdftex.def Info: figures/paper_results/scenario_14_scenario_4_staggered_blocks_fewest_config_no_legend.pdf  used on input line 3596.
(pdftex.def)             Requested size: 154.50157pt x 100.22316pt.
<figures/paper_results/scenario_07_scenario_07_L_corridor_hard_fewest_config_no_legend.pdf, id=701, 619.85698pt x 402.09622pt>
File: figures/paper_results/scenario_07_scenario_07_L_corridor_hard_fewest_config_no_legend.pdf Graphic file (type pdf)
<use figures/paper_results/scenario_07_scenario_07_L_corridor_hard_fewest_config_no_legend.pdf>
Package pdftex.def Info: figures/paper_results/scenario_07_scenario_07_L_corridor_hard_fewest_config_no_legend.pdf  used on input line 3597.
(pdftex.def)             Requested size: 154.50157pt x 100.22316pt.
<figures/paper_results/paper_plot_legend.pdf, id=702, 755.6481pt x 33.96753pt>
File: figures/paper_results/paper_plot_legend.pdf Graphic file (type pdf)
<use figures/paper_results/paper_plot_legend.pdf>
Package pdftex.def Info: figures/paper_results/paper_plot_legend.pdf  used on input line 3598.
(pdftex.def)             Requested size: 412.00157pt x 18.52046pt.

Overfull \vbox (42.0pt too high) has occurred while \output is active []


Overfull \vbox (42.0pt too high) has occurred while \output is active []


Overfull \vbox (796.65pt too high) has occurred while \output is active []


Overfull \vbox (22.0pt too high) has occurred while \output is active []


Overfull \vbox (756.70001pt too high) has occurred while \output is active []

 [13]

LaTeX Warning: Reference `tab:paper_benchmark_results' on page 14 undefined on input line 3667.


Overfull \vbox (42.0pt too high) has occurred while \output is active []


Overfull \vbox (42.0pt too high) has occurred while \output is active []


Overfull \vbox (796.65pt too high) has occurred while \output is active []


Overfull \vbox (22.0pt too high) has occurred while \output is active []


Overfull \vbox (756.70001pt too high) has occurred while \output is active []

 [14 <./figures/paper_results/scenario_05_scenario_05_arc_to_straight_fewest_config_no_legend.pdf> <./figures/paper_results/scenario_08_scenario_08_dlo_workspace_fewest_config_no_legend.pdf> <./figures/paper_results/scenario_11_scenario_2_narrow_gate_fewest_config_no_legend.pdf> <./figures/paper_results/scenario_12_scenario_6_u_shaped_trap_fewest_config_no_legend.pdf> <./figures/paper_results/scenario_09_scenario_09_S_corridor_fewest_config_no_legend.pdf> <./figures/paper_results/scenario_10_scenario_10_cluttered_bent_fewest_config_no_legend.pdf> <./figures/paper_results/scenario_02_scenario_02_block_reorient_fewest_config_no_legend.pdf> <./figures/paper_results/scenario_03_scenario_03_L_narrow_corridor_fewest_config_no_legend.pdf> <./figures/paper_results/scenario_14_scenario_4_staggered_blocks_fewest_config_no_legend.pdf> <./figures/paper_results/scenario_07_scenario_07_L_corridor_hard_fewest_config_no_legend.pdf> <./figures/paper_results/paper_plot_legend.pdf>] (./paper_benchmark_table_for_paper.tex)

LaTeX Warning: Reference `tab:paper_benchmark_results' on page 15 undefined on input line 3680.


LaTeX Warning: Reference `fig:sc03' on page 15 undefined on input line 3685.


LaTeX Warning: Reference `fig:sc05' on page 15 undefined on input line 3687.


LaTeX Warning: Reference `fig:sc04' on page 15 undefined on input line 3690.


LaTeX Warning: Reference `fig:sc10' on page 15 undefined on input line 3692.


LaTeX Warning: Reference `fig:benchmark_solutions' on page 15 undefined on input line 3695.


Package natbib Warning: Citation `todorov2012mujoco' on page 15 undefined on input line 3711.


LaTeX Warning: Reference `fig:mujoco_setup' on page 15 undefined on input line 3711.

<figures/simulation_setup_annotated.pdf, id=1059, 870.1308pt x 498.54214pt>
File: figures/simulation_setup_annotated.pdf Graphic file (type pdf)
<use figures/simulation_setup_annotated.pdf>
Package pdftex.def Info: figures/simulation_setup_annotated.pdf  used on input line 3716.
(pdftex.def)             Requested size: 237.83173pt x 136.25893pt.

LaTeX Warning: Reference `tab:robotic_validation' on page 15 undefined on input line 3728.

<figures/mujoco/scenario_01/start.pdf, id=1060, 462.52798pt x 260.17201pt>
File: figures/mujoco/scenario_01/start.pdf Graphic file (type pdf)
<use figures/mujoco/scenario_01/start.pdf>
Package pdftex.def Info: figures/mujoco/scenario_01/start.pdf  used on input line 3797.
(pdftex.def)             Requested size: 108.15346pt x 60.83473pt.
<figures/mujoco/scenario_01/33pct.pdf, id=1061, 462.52798pt x 260.17201pt>
File: figures/mujoco/scenario_01/33pct.pdf Graphic file (type pdf)
<use figures/mujoco/scenario_01/33pct.pdf>
Package pdftex.def Info: figures/mujoco/scenario_01/33pct.pdf  used on input line 3798.
(pdftex.def)             Requested size: 108.15346pt x 60.83473pt.
<figures/mujoco/scenario_01/67pct.pdf, id=1062, 462.52798pt x 260.17201pt>
File: figures/mujoco/scenario_01/67pct.pdf Graphic file (type pdf)
<use figures/mujoco/scenario_01/67pct.pdf>
Package pdftex.def Info: figures/mujoco/scenario_01/67pct.pdf  used on input line 3799.
(pdftex.def)             Requested size: 108.15346pt x 60.83473pt.
<figures/mujoco/scenario_01/end.pdf, id=1063, 462.52798pt x 260.17201pt>
File: figures/mujoco/scenario_01/end.pdf Graphic file (type pdf)
<use figures/mujoco/scenario_01/end.pdf>
Package pdftex.def Info: figures/mujoco/scenario_01/end.pdf  used on input line 3800.
(pdftex.def)             Requested size: 108.15346pt x 60.83473pt.
<figures/mujoco/scenario_02/start.pdf, id=1064, 462.52798pt x 260.17201pt>
File: figures/mujoco/scenario_02/start.pdf Graphic file (type pdf)
<use figures/mujoco/scenario_02/start.pdf>
Package pdftex.def Info: figures/mujoco/scenario_02/start.pdf  used on input line 3802.
(pdftex.def)             Requested size: 108.15346pt x 60.83473pt.
<figures/mujoco/scenario_02/33pct.pdf, id=1065, 462.52798pt x 260.17201pt>
File: figures/mujoco/scenario_02/33pct.pdf Graphic file (type pdf)
<use figures/mujoco/scenario_02/33pct.pdf>
Package pdftex.def Info: figures/mujoco/scenario_02/33pct.pdf  used on input line 3803.
(pdftex.def)             Requested size: 108.15346pt x 60.83473pt.
<figures/mujoco/scenario_02/67pct.pdf, id=1066, 462.52798pt x 260.17201pt>
File: figures/mujoco/scenario_02/67pct.pdf Graphic file (type pdf)
<use figures/mujoco/scenario_02/67pct.pdf>
Package pdftex.def Info: figures/mujoco/scenario_02/67pct.pdf  used on input line 3804.
(pdftex.def)             Requested size: 108.15346pt x 60.83473pt.
<figures/mujoco/scenario_02/end.pdf, id=1067, 462.52798pt x 260.17201pt>
File: figures/mujoco/scenario_02/end.pdf Graphic file (type pdf)
<use figures/mujoco/scenario_02/end.pdf>
Package pdftex.def Info: figures/mujoco/scenario_02/end.pdf  used on input line 3805.
(pdftex.def)             Requested size: 108.15346pt x 60.83473pt.
<figures/mujoco/scenario_05/start.pdf, id=1068, 462.52798pt x 260.17201pt>
File: figures/mujoco/scenario_05/start.pdf Graphic file (type pdf)
<use figures/mujoco/scenario_05/start.pdf>
Package pdftex.def Info: figures/mujoco/scenario_05/start.pdf  used on input line 3807.
(pdftex.def)             Requested size: 108.15346pt x 60.83473pt.
<figures/mujoco/scenario_05/33pct.pdf, id=1069, 462.52798pt x 260.17201pt>
File: figures/mujoco/scenario_05/33pct.pdf Graphic file (type pdf)
<use figures/mujoco/scenario_05/33pct.pdf>
Package pdftex.def Info: figures/mujoco/scenario_05/33pct.pdf  used on input line 3808.
(pdftex.def)             Requested size: 108.15346pt x 60.83473pt.
<figures/mujoco/scenario_05/67pct.pdf, id=1070, 462.52798pt x 260.17201pt>
File: figures/mujoco/scenario_05/67pct.pdf Graphic file (type pdf)
<use figures/mujoco/scenario_05/67pct.pdf>
Package pdftex.def Info: figures/mujoco/scenario_05/67pct.pdf  used on input line 3809.
(pdftex.def)             Requested size: 108.15346pt x 60.83473pt.
<figures/mujoco/scenario_05/end.pdf, id=1071, 462.52798pt x 260.17201pt>
File: figures/mujoco/scenario_05/end.pdf Graphic file (type pdf)
<use figures/mujoco/scenario_05/end.pdf>
Package pdftex.def Info: figures/mujoco/scenario_05/end.pdf  used on input line 3810.
(pdftex.def)             Requested size: 108.15346pt x 60.83473pt.
<figures/mujoco/scenario_07/start.pdf, id=1072, 462.52798pt x 260.17201pt>
File: figures/mujoco/scenario_07/start.pdf Graphic file (type pdf)
<use figures/mujoco/scenario_07/start.pdf>
Package pdftex.def Info: figures/mujoco/scenario_07/start.pdf  used on input line 3812.
(pdftex.def)             Requested size: 108.15346pt x 60.83473pt.
<figures/mujoco/scenario_07/33pct.pdf, id=1073, 462.52798pt x 260.17201pt>
File: figures/mujoco/scenario_07/33pct.pdf Graphic file (type pdf)
<use figures/mujoco/scenario_07/33pct.pdf>
Package pdftex.def Info: figures/mujoco/scenario_07/33pct.pdf  used on input line 3813.
(pdftex.def)             Requested size: 108.15346pt x 60.83473pt.
<figures/mujoco/scenario_07/67pct.pdf, id=1074, 462.52798pt x 260.17201pt>
File: figures/mujoco/scenario_07/67pct.pdf Graphic file (type pdf)
<use figures/mujoco/scenario_07/67pct.pdf>
Package pdftex.def Info: figures/mujoco/scenario_07/67pct.pdf  used on input line 3814.
(pdftex.def)             Requested size: 108.15346pt x 60.83473pt.
<figures/mujoco/scenario_07/end.pdf, id=1075, 462.52798pt x 260.17201pt>
File: figures/mujoco/scenario_07/end.pdf Graphic file (type pdf)
<use figures/mujoco/scenario_07/end.pdf>
Package pdftex.def Info: figures/mujoco/scenario_07/end.pdf  used on input line 3815.
(pdftex.def)             Requested size: 108.15346pt x 60.83473pt.
<figures/mujoco/scenario_09/start.pdf, id=1076, 462.52798pt x 260.17201pt>
File: figures/mujoco/scenario_09/start.pdf Graphic file (type pdf)
<use figures/mujoco/scenario_09/start.pdf>
Package pdftex.def Info: figures/mujoco/scenario_09/start.pdf  used on input line 3817.
(pdftex.def)             Requested size: 108.15346pt x 60.83473pt.
<figures/mujoco/scenario_09/33pct.pdf, id=1077, 462.52798pt x 260.17201pt>
File: figures/mujoco/scenario_09/33pct.pdf Graphic file (type pdf)
<use figures/mujoco/scenario_09/33pct.pdf>
Package pdftex.def Info: figures/mujoco/scenario_09/33pct.pdf  used on input line 3818.
(pdftex.def)             Requested size: 108.15346pt x 60.83473pt.
<figures/mujoco/scenario_09/67pct.pdf, id=1078, 462.52798pt x 260.17201pt>
File: figures/mujoco/scenario_09/67pct.pdf Graphic file (type pdf)
<use figures/mujoco/scenario_09/67pct.pdf>
Package pdftex.def Info: figures/mujoco/scenario_09/67pct.pdf  used on input line 3819.
(pdftex.def)             Requested size: 108.15346pt x 60.83473pt.
<figures/mujoco/scenario_09/end.pdf, id=1079, 462.52798pt x 260.17201pt>
File: figures/mujoco/scenario_09/end.pdf Graphic file (type pdf)
<use figures/mujoco/scenario_09/end.pdf>
Package pdftex.def Info: figures/mujoco/scenario_09/end.pdf  used on input line 3820.
(pdftex.def)             Requested size: 108.15346pt x 60.83473pt.
<figures/mujoco/scenario_10/start.pdf, id=1080, 462.52798pt x 260.17201pt>
File: figures/mujoco/scenario_10/start.pdf Graphic file (type pdf)
<use figures/mujoco/scenario_10/start.pdf>
Package pdftex.def Info: figures/mujoco/scenario_10/start.pdf  used on input line 3822.
(pdftex.def)             Requested size: 108.15346pt x 60.83473pt.
<figures/mujoco/scenario_10/33pct.pdf, id=1081, 462.52798pt x 260.17201pt>
File: figures/mujoco/scenario_10/33pct.pdf Graphic file (type pdf)
<use figures/mujoco/scenario_10/33pct.pdf>
Package pdftex.def Info: figures/mujoco/scenario_10/33pct.pdf  used on input line 3823.
(pdftex.def)             Requested size: 108.15346pt x 60.83473pt.
<figures/mujoco/scenario_10/67pct.pdf, id=1082, 462.52798pt x 260.17201pt>
File: figures/mujoco/scenario_10/67pct.pdf Graphic file (type pdf)
<use figures/mujoco/scenario_10/67pct.pdf>
Package pdftex.def Info: figures/mujoco/scenario_10/67pct.pdf  used on input line 3824.
(pdftex.def)             Requested size: 108.15346pt x 60.83473pt.
<figures/mujoco/scenario_10/end.pdf, id=1083, 462.52798pt x 260.17201pt>
File: figures/mujoco/scenario_10/end.pdf Graphic file (type pdf)
<use figures/mujoco/scenario_10/end.pdf>
Package pdftex.def Info: figures/mujoco/scenario_10/end.pdf  used on input line 3825.
(pdftex.def)             Requested size: 108.15346pt x 60.83473pt.

LaTeX Warning: Reference `fig:robot_sc' on page 15 undefined on input line 3839.


Overfull \vbox (42.0pt too high) has occurred while \output is active []


Overfull \vbox (42.0pt too high) has occurred while \output is active []


Overfull \vbox (796.65pt too high) has occurred while \output is active []


Overfull \vbox (22.0pt too high) has occurred while \output is active []


Overfull \vbox (756.70001pt too high) has occurred while \output is active []

 [15 <./figures/simulation_setup_annotated.pdf>]
Overfull \vbox (42.0pt too high) has occurred while \output is active []


Overfull \vbox (42.0pt too high) has occurred while \output is active []


Overfull \vbox (796.65pt too high) has occurred while \output is active []


Overfull \vbox (22.0pt too high) has occurred while \output is active []


Overfull \vbox (756.70001pt too high) has occurred while \output is active []

 [16]
Overfull \vbox (42.0pt too high) has occurred while \output is active []


Overfull \vbox (42.0pt too high) has occurred while \output is active []


Overfull \vbox (796.65pt too high) has occurred while \output is active []


Overfull \vbox (22.0pt too high) has occurred while \output is active []


Overfull \vbox (756.70001pt too high) has occurred while \output is active []

 [17 <./figures/mujoco/scenario_01/start.pdf> <./figures/mujoco/scenario_01/33pct.pdf> <./figures/mujoco/scenario_01/67pct.pdf> <./figures/mujoco/scenario_01/end.pdf> <./figures/mujoco/scenario_02/start.pdf> <./figures/mujoco/scenario_02/33pct.pdf> <./figures/mujoco/scenario_02/67pct.pdf> <./figures/mujoco/scenario_02/end.pdf> <./figures/mujoco/scenario_05/start.pdf> <./figures/mujoco/scenario_05/33pct.pdf> <./figures/mujoco/scenario_05/67pct.pdf> <./figures/mujoco/scenario_05/end.pdf> <./figures/mujoco/scenario_07/start.pdf> <./figures/mujoco/scenario_07/33pct.pdf> <./figures/mujoco/scenario_07/67pct.pdf> <./figures/mujoco/scenario_07/end.pdf> <./figures/mujoco/scenario_09/start.pdf> <./figures/mujoco/scenario_09/33pct.pdf> <./figures/mujoco/scenario_09/67pct.pdf> <./figures/mujoco/scenario_09/end.pdf> <./figures/mujoco/scenario_10/start.pdf> <./figures/mujoco/scenario_10/33pct.pdf> <./figures/mujoco/scenario_10/67pct.pdf> <./figures/mujoco/scenario_10/end.pdf>]
No file pasguidecopy.bbl.

Package natbib Warning: There were undefined citations.


Overfull \vbox (42.0pt too high) has occurred while \output is active []


Overfull \vbox (42.0pt too high) has occurred while \output is active []


Overfull \vbox (796.65pt too high) has occurred while \output is active []


Overfull \vbox (22.0pt too high) has occurred while \output is active []


Overfull \vbox (756.70001pt too high) has occurred while \output is active []

 [18

] (./pasguidecopy.aux)
 ***********
LaTeX2e <2023-11-01> patch level 1
L3 programming layer <2024-01-22>
 ***********


LaTeX Font Warning: Size substitutions with differences
(Font)              up to 0.5pt have occurred.


LaTeX Warning: There were undefined references.


LaTeX Warning: Label(s) may have changed. Rerun to get cross-references right.

 ) 
Here is how much of TeX's memory you used:
 18198 strings out of 474222
 312267 string characters out of 5746180
 1972975 words of memory out of 5000000
 39903 multiletter control sequences out of 15000+600000
 676563 words of font info for 279 fonts, out of 8000000 for 9000
 1141 hyphenation exceptions out of 8191
 85i,18n,133p,2623b,575s stack positions out of 10000i,1000n,20000p,200000b,200000s
</usr/local/texlive/2023/texmf-dist/fonts/type1/public/amsfonts/cm/cmex10.pfb></usr/local/texlive/2023/texmf-dist/fonts/type1/public/amsfonts/cm/cmmi10.pfb></usr/local/texlive/2023/texmf-dist/fonts/type1/public/amsfonts/cm/cmr10.pfb></usr/local/texlive/2023/texmf-dist/fonts/type1/public/amsfonts/cm/cmsy10.pfb></usr/local/texlive/2023/texmf-dist/fonts/type1/public/amsfonts/symbols/msbm10.pfb></usr/local/texlive/2023/texmf-dist/fonts/type1/public/rsfs/rsfs10.pfb></usr/local/texlive/2023/texmf-dist/fonts/type1/urw/helvetic/uhvb8a.pfb></usr/local/texlive/2023/texmf-dist/fonts/type1/urw/helvetic/uhvbo8a.pfb></usr/local/texlive/2023/texmf-dist/fonts/type1/urw/helvetic/uhvr8a.pfb></usr/local/texlive/2023/texmf-dist/fonts/type1/urw/helvetic/uhvro8a.pfb></usr/local/texlive/2023/texmf-dist/fonts/type1/urw/symbol/usyr.pfb></usr/local/texlive/2023/texmf-dist/fonts/type1/urw/symbol/usyr.pfb></usr/local/texlive/2023/texmf-dist/fonts/type1/urw/times/utmb8a.pfb></usr/local/texlive/2023/texmf-dist/fonts/type1/urw/times/utmr8a.pfb></usr/local/texlive/2023/texmf-dist/fonts/type1/urw/times/utmri8a.pfb>
Output written on pasguidecopy.pdf (18 pages, 3861928 bytes).
PDF statistics:
 1322 PDF objects out of 1440 (max. 8388607)
 573 compressed objects within 6 object streams
 204 named destinations out of 1000 (max. 500000)
 287 words of extra memory for PDF output out of 10000 (max. 10000000)

